INFO: [VRFC 10-163] Analyzing VHDL file "/home/alan/Vivado/scratch/maquinaRefrigerante/maquinaRefrigerante/maquinaRefrigerante.srcs/sources_1/new/somador.vhd" into library xil_defaultlib
INFO: [VRFC 10-307] analyzing entity somador
INFO: [VRFC 10-163] Analyzing VHDL file "/home/alan/Vivado/scratch/maquinaRefrigerante/maquinaRefrigerante/maquinaRefrigerante.srcs/sources_1/new/tbAdders.vhd" into library xil_defaultlib
INFO: [VRFC 10-307] analyzing entity tbAdders
INFO: [VRFC 10-163] Analyzing VHDL file "/home/alan/Vivado/scratch/maquinaRefrigerante/maquinaRefrigerante/maquinaRefrigerante.srcs/sources_1/new/tbAdders.vhd" into library xil_defaultlib
INFO: [VRFC 10-307] analyzing entity tbAdders
INFO: [VRFC 10-163] Analyzing VHDL file "/home/alan/Vivado/scratch/maquinaRefrigerante/maquinaRefrigerante/maquinaRefrigerante.srcs/sources_1/new/comp_lt.vhd" into library xil_defaultlib
INFO: [VRFC 10-307] analyzing entity comp_lt
INFO: [VRFC 10-163] Analyzing VHDL file "/home/alan/Vivado/scratch/maquinaRefrigerante/maquinaRefrigerante/maquinaRefrigerante.srcs/sources_1/new/tbRegistrador.vhd" into library xil_defaultlib
INFO: [VRFC 10-307] analyzing entity tbRegistrador
INFO: [VRFC 10-163] Analyzing VHDL file "/home/alan/Vivado/scratch/maquinaRefrigerante/maquinaRefrigerante/maquinaRefrigerante.srcs/sources_1/new/tbRegistrador.vhd" into library xil_defaultlib
INFO: [VRFC 10-307] analyzing entity tbRegistrador
INFO: [VRFC 10-163] Analyzing VHDL file "/home/alan/Vivado/scratch/maquinaRefrigerante/maquinaRefrigerante/maquinaRefrigerante.srcs/sources_1/new/controlador.vhd" into library xil_defaultlib
INFO: [VRFC 10-307] analyzing entity controlador
INFO: [VRFC 10-163] Analyzing VHDL file "/home/alan/Vivado/scratch/maquinaRefrigerante/maquinaRefrigerante/maquinaRefrigerante.srcs/sources_1/new/registrador.vhd" into library xil_defaultlib
INFO: [VRFC 10-307] analyzing entity registrador
INFO: [VRFC 10-163] Analyzing VHDL file "/home/alan/Vivado/scratch/maquinaRefrigerante/maquinaRefrigerante/maquinaRefrigerante.srcs/sources_1/new/datapath.vhd" into library xil_defaultlib
INFO: [VRFC 10-307] analyzing entity datapath
INFO: [VRFC 10-163] Analyzing VHDL file "/home/alan/Vivado/scratch/maquinaRefrigerante/maquinaRefrigerante/maquinaRefrigerante.srcs/sources_1/new/maquinaRefri.vhd" into library xil_defaultlib
INFO: [VRFC 10-307] analyzing entity maquinaRefri
